INSERT INTO tournaments (id, tournament_year_id, tournament_id, tournament_name, year, location, placement, surface, winner_id) VALUES ("","2018-339", "339", "Brisbane International presented by Suncorp", "2018", "Brisbane - Australia", "Outdoor", "Hard", "ke17");
INSERT INTO tournaments (id, tournament_year_id, tournament_id, tournament_name, year, location, placement, surface, winner_id) VALUES ("","2018-451", "451", "Qatar ExxonMobil Open", "2018", "Doha - Qatar", "Outdoor", "Hard", "mc65");
INSERT INTO tournaments (id, tournament_year_id, tournament_id, tournament_name, year, location, placement, surface, winner_id) VALUES ("","2018-891", "891", "Tata Open Maharashtra", "2018", "Pune - India", "Outdoor", "Hard", "sd32");
INSERT INTO tournaments (id, tournament_year_id, tournament_id, tournament_name, year, location, placement, surface, winner_id) VALUES ("","2018-338", "338", "Sydney International", "2018", "Sydney - Australia", "Outdoor", "Hard", "mm58");
INSERT INTO tournaments (id, tournament_year_id, tournament_id, tournament_name, year, location, placement, surface, winner_id) VALUES ("","2018-301", "301", "ASB Classic", "2018", "Auckland - New Zealand", "Outdoor", "Hard", "bd06");
INSERT INTO tournaments (id, tournament_year_id, tournament_id, tournament_name, year, location, placement, surface, winner_id) VALUES ("","2018-580", "580", "Australian Open", "2018", "Melbourne - Australia", "Outdoor", "Hard", "f324");
INSERT INTO tournaments (id, tournament_year_id, tournament_id, tournament_name, year, location, placement, surface, winner_id) VALUES ("","2018-7434", "7434", "Diema Xtra Sofia Open", "2018", "Sofia - Bulgaria", "Indoor", "Hard", "be67");
INSERT INTO tournaments (id, tournament_year_id, tournament_id, tournament_name, year, location, placement, surface, winner_id) VALUES ("","2018-7161", "7161", "Ecuador Open", "2018", "Quito - Ecuador", "Outdoor", "Clay", "cf59");
INSERT INTO tournaments (id, tournament_year_id, tournament_id, tournament_name, year, location, placement, surface, winner_id) VALUES ("","2018-375", "375", "Open Sud de France", "2018", "Montpellier - France", "Indoor", "Hard", "pf39");
INSERT INTO tournaments (id, tournament_year_id, tournament_id, tournament_name, year, location, placement, surface, winner_id) VALUES ("","2018-407", "407", "ABN Amro World Tennis Tournament", "2018", "Rotterdam - Netherlands", "Indoor", "Hard", "f324");
INSERT INTO tournaments (id, tournament_year_id, tournament_id, tournament_name, year, location, placement, surface, winner_id) VALUES ("","2018-424", "424", "New York Open", "2018", "New York - United States", "Indoor", "Hard", "a678");
INSERT INTO tournaments (id, tournament_year_id, tournament_id, tournament_name, year, location, placement, surface, winner_id) VALUES ("","2018-506", "506", "Argentina Open", "2018", "Buenos Aires - Argentina", "Outdoor", "Clay", "tb69");
INSERT INTO tournaments (id, tournament_year_id, tournament_id, tournament_name, year, location, placement, surface, winner_id) VALUES ("","2018-6932", "6932", "Rio Open presented by Claro", "2018", "Rio de Janeiro - Brazil", "Outdoor", "Clay", "sm37");
INSERT INTO tournaments (id, tournament_year_id, tournament_id, tournament_name, year, location, placement, surface, winner_id) VALUES ("","2018-496", "496", "Open 13 Provence", "2018", "Marseille - France", "Indoor", "Hard", "ke29");
INSERT INTO tournaments (id, tournament_year_id, tournament_id, tournament_name, year, location, placement, surface, winner_id) VALUES ("","2018-499", "499", "Delray Beach Open", "2018", "Delray Beach - United States", "Outdoor", "Hard", "td51");
INSERT INTO tournaments (id, tournament_year_id, tournament_id, tournament_name, year, location, placement, surface, winner_id) VALUES ("","2018-495", "495", "Dubai Duty Free Tennis Championships", "2018", "Dubai - United Arab Emirates", "Outdoor", "Hard", "bd06");
INSERT INTO tournaments (id, tournament_year_id, tournament_id, tournament_name, year, location, placement, surface, winner_id) VALUES ("","2018-807", "807", "Abierto Mexicano Telcel presentado por HSBC", "2018", "Acapulco - Mexico", "Outdoor", "Hard", "d683");
INSERT INTO tournaments (id, tournament_year_id, tournament_id, tournament_name, year, location, placement, surface, winner_id) VALUES ("","2018-533", "533", "Brasil Open", "2018", "Sao Paulo - Brazil", "Outdoor", "Clay", "f510");
INSERT INTO tournaments (id, tournament_year_id, tournament_id, tournament_name, year, location, placement, surface, winner_id) VALUES ("","2018-404", "404", "BNP Paribas Open", "2018", "Indian Wells - United States", "Outdoor", "Hard", "d683");
INSERT INTO tournaments (id, tournament_year_id, tournament_id, tournament_name, year, location, placement, surface, winner_id) VALUES ("","2018-403", "403", "Miami Open presented by Itaú", "2018", "Miami - United States", "Outdoor", "Hard", "i186");
INSERT INTO tournaments (id, tournament_year_id, tournament_id, tournament_name, year, location, placement, surface, winner_id) VALUES ("","2018-717", "717", "Fayez Sarofim & Co. U.S. Men’s Clay Court Championship", "2018", "Houston - United States", "Outdoor", "Clay", "j386");
INSERT INTO tournaments (id, tournament_year_id, tournament_id, tournament_name, year, location, placement, surface, winner_id) VALUES ("","2018-360", "360", "Grand Prix Hassan II", "2018", "Marrakech - Morocco", "Outdoor", "Clay", "a596");
INSERT INTO tournaments (id, tournament_year_id, tournament_id, tournament_name, year, location, placement, surface, winner_id) VALUES ("","2018-410", "410", "Rolex Monte-Carlo Masters", "2018", "Monte Carlo - Monaco", "Outdoor", "Clay", "n409");
INSERT INTO tournaments (id, tournament_year_id, tournament_id, tournament_name, year, location, placement, surface, winner_id) VALUES ("","2018-425", "425", "Barcelona Open Banc Sabadell", "2018", "Barcelona - Spain", "Outdoor", "Clay", "n409");
INSERT INTO tournaments (id, tournament_year_id, tournament_id, tournament_name, year, location, placement, surface, winner_id) VALUES ("","2018-7648", "7648", "Gazprom Hungarian Open", "2018", "Budapest - Hungary", "Outdoor", "Clay", "cf01");
INSERT INTO tournaments (id, tournament_year_id, tournament_id, tournament_name, year, location, placement, surface, winner_id) VALUES ("","2018-308", "308", "BMW Open by FWU", "2018", "Munich - Germany", "Outdoor", "Clay", "z355");
INSERT INTO tournaments (id, tournament_year_id, tournament_id, tournament_name, year, location, placement, surface, winner_id) VALUES ("","2018-7290", "7290", "Millennium Estoril Open", "2018", "Estoril - Portugal", "Outdoor", "Clay", "sh90");
INSERT INTO tournaments (id, tournament_year_id, tournament_id, tournament_name, year, location, placement, surface, winner_id) VALUES ("","2018-7163", "7163", "TEB BNP Paribas Istanbul Open", "2018", "Istanbul - Turkey", "Outdoor", "Clay", "da81");
INSERT INTO tournaments (id, tournament_year_id, tournament_id, tournament_name, year, location, placement, surface, winner_id) VALUES ("","2018-1536", "1536", "Mutua Madrid Open", "2018", "Madrid - Spain", "Outdoor", "Clay", "z355");
INSERT INTO tournaments (id, tournament_year_id, tournament_id, tournament_name, year, location, placement, surface, winner_id) VALUES ("","2018-416", "416", "Internazionali BNL d’Italia", "2018", "Rome - Italy", "Outdoor", "Clay", "n409");
