INSERT INTO tournaments (id, tournament_year_id, tournament_id, tournament_name, year, location, placement, surface, winner_id) VALUES ("","2017-339", "339", "Brisbane", "2017", "Brisbane - Australia", "Outdoor", "Hard", "d875");
INSERT INTO tournaments (id, tournament_year_id, tournament_id, tournament_name, year, location, placement, surface, winner_id) VALUES ("","2017-451", "451", "Doha", "2017", "Doha - Qatar", "Outdoor", "Hard", "d643");
INSERT INTO tournaments (id, tournament_year_id, tournament_id, tournament_name, year, location, placement, surface, winner_id) VALUES ("","2017-891", "891", "Chennai", "2017", "Chennai - India", "Outdoor", "Hard", "bd06");
INSERT INTO tournaments (id, tournament_year_id, tournament_id, tournament_name, year, location, placement, surface, winner_id) VALUES ("","2017-338", "338", "Sydney", "2017", "Sydney - Australia", "Outdoor", "Hard", "ma30");
INSERT INTO tournaments (id, tournament_year_id, tournament_id, tournament_name, year, location, placement, surface, winner_id) VALUES ("","2017-301", "301", "Auckland", "2017", "Auckland - New Zealand", "Outdoor", "Hard", "sm25");
INSERT INTO tournaments (id, tournament_year_id, tournament_id, tournament_name, year, location, placement, surface, winner_id) VALUES ("","2017-580", "580", "Australian Open", "2017", "Melbourne - Australia", "Outdoor", "Hard", "f324");
INSERT INTO tournaments (id, tournament_year_id, tournament_id, tournament_name, year, location, placement, surface, winner_id) VALUES ("","2017-375", "375", "Montpellier", "2017", "Montpellier - France", "Indoor", "Hard", "z355");
INSERT INTO tournaments (id, tournament_year_id, tournament_id, tournament_name, year, location, placement, surface, winner_id) VALUES ("","2017-7161", "7161", "Quito", "2017", "Quito - Ecuador", "Outdoor", "Clay", "e224");
INSERT INTO tournaments (id, tournament_year_id, tournament_id, tournament_name, year, location, placement, surface, winner_id) VALUES ("","2017-7434", "7434", "Sofia", "2017", "Sofia - Bulgaria", "Indoor", "Hard", "d875");
INSERT INTO tournaments (id, tournament_year_id, tournament_id, tournament_name, year, location, placement, surface, winner_id) VALUES ("","2017-407", "407", "Rotterdam", "2017", "Rotterdam - Netherlands", "Indoor", "Hard", "t786");
INSERT INTO tournaments (id, tournament_year_id, tournament_id, tournament_name, year, location, placement, surface, winner_id) VALUES ("","2017-424", "424", "Memphis", "2017", "Memphis - United States", "Indoor", "Hard", "h940");
INSERT INTO tournaments (id, tournament_year_id, tournament_id, tournament_name, year, location, placement, surface, winner_id) VALUES ("","2017-506", "506", "Buenos Aires", "2017", "Buenos Aires - Argentina", "Outdoor", "Clay", "d801");
INSERT INTO tournaments (id, tournament_year_id, tournament_id, tournament_name, year, location, placement, surface, winner_id) VALUES ("","2017-6932", "6932", "Rio de Janeiro", "2017", "Rio de Janeiro - Brazil", "Outdoor", "Clay", "tb69");
INSERT INTO tournaments (id, tournament_year_id, tournament_id, tournament_name, year, location, placement, surface, winner_id) VALUES ("","2017-496", "496", "Marseille", "2017", "Marseille - France", "Indoor", "Hard", "t786");
INSERT INTO tournaments (id, tournament_year_id, tournament_id, tournament_name, year, location, placement, surface, winner_id) VALUES ("","2017-499", "499", "Delray Beach", "2017", "Delray Beach - United States", "Outdoor", "Hard", "sm25");
INSERT INTO tournaments (id, tournament_year_id, tournament_id, tournament_name, year, location, placement, surface, winner_id) VALUES ("","2017-495", "495", "Dubai", "2017", "Dubai - United Arab Emirates", "Outdoor", "Hard", "mc10");
INSERT INTO tournaments (id, tournament_year_id, tournament_id, tournament_name, year, location, placement, surface, winner_id) VALUES ("","2017-807", "807", "Acapulco", "2017", "Acapulco - Mexico", "Outdoor", "Hard", "q927");
INSERT INTO tournaments (id, tournament_year_id, tournament_id, tournament_name, year, location, placement, surface, winner_id) VALUES ("","2017-533", "533", "Sao Paulo", "2017", "Sao Paulo - Brazil", "Outdoor", "Clay", "c882");
INSERT INTO tournaments (id, tournament_year_id, tournament_id, tournament_name, year, location, placement, surface, winner_id) VALUES ("","2017-404", "404", "ATP World Tour Masters 1000 Indian Wells", "2017", "Indian Wells - United States", "Outdoor", "Hard", "f324");
INSERT INTO tournaments (id, tournament_year_id, tournament_id, tournament_name, year, location, placement, surface, winner_id) VALUES ("","2017-403", "403", "ATP World Tour Masters 1000 Miami", "2017", "Miami - United States", "Outdoor", "Hard", "f324");
INSERT INTO tournaments (id, tournament_year_id, tournament_id, tournament_name, year, location, placement, surface, winner_id) VALUES ("","2017-717", "717", "Houston", "2017", "Houston - United States", "Outdoor", "Clay", "j386");
INSERT INTO tournaments (id, tournament_year_id, tournament_id, tournament_name, year, location, placement, surface, winner_id) VALUES ("","2017-360", "360", "Marrakech", "2017", "Marrakech - Morocco", "Outdoor", "Clay", "cg80");
INSERT INTO tournaments (id, tournament_year_id, tournament_id, tournament_name, year, location, placement, surface, winner_id) VALUES ("","2017-410", "410", "ATP World Tour Masters 1000 Monte Carlo", "2017", "Monte Carlo - Monaco", "Outdoor", "Clay", "n409");
INSERT INTO tournaments (id, tournament_year_id, tournament_id, tournament_name, year, location, placement, surface, winner_id) VALUES ("","2017-425", "425", "Barcelona", "2017", "Barcelona - Spain", "Outdoor", "Clay", "n409");
INSERT INTO tournaments (id, tournament_year_id, tournament_id, tournament_name, year, location, placement, surface, winner_id) VALUES ("","2017-7648", "7648", "Budapest", "2017", "Budapest - Hungary", "Outdoor", "Clay", "pf39");
INSERT INTO tournaments (id, tournament_year_id, tournament_id, tournament_name, year, location, placement, surface, winner_id) VALUES ("","2017-7290", "7290", "Estoril", "2017", "Estoril - Portugal", "Outdoor", "Clay", "cd85");
INSERT INTO tournaments (id, tournament_year_id, tournament_id, tournament_name, year, location, placement, surface, winner_id) VALUES ("","2017-308", "308", "Munich", "2017", "Munich - Germany", "Outdoor", "Clay", "z355");
INSERT INTO tournaments (id, tournament_year_id, tournament_id, tournament_name, year, location, placement, surface, winner_id) VALUES ("","2017-7163", "7163", "Istanbul", "2017", "Istanbul - Turkey", "Outdoor", "Clay", "c977");
INSERT INTO tournaments (id, tournament_year_id, tournament_id, tournament_name, year, location, placement, surface, winner_id) VALUES ("","2017-1536", "1536", "ATP World Tour Masters 1000 Madrid", "2017", "Madrid - Spain", "Outdoor", "Clay", "n409");
INSERT INTO tournaments (id, tournament_year_id, tournament_id, tournament_name, year, location, placement, surface, winner_id) VALUES ("","2017-416", "416", "ATP World Tour Masters 1000 Rome", "2017", "Rome - Italy", "Outdoor", "Clay", "z355");
INSERT INTO tournaments (id, tournament_year_id, tournament_id, tournament_name, year, location, placement, surface, winner_id) VALUES ("","2017-322", "322", "Geneva", "2017", "Geneva - Switzerland", "Outdoor", "Clay", "w367");
INSERT INTO tournaments (id, tournament_year_id, tournament_id, tournament_name, year, location, placement, surface, winner_id) VALUES ("","2017-7694", "7694", "Lyon", "2017", "Lyon - France", "Outdoor", "Clay", "t786");
INSERT INTO tournaments (id, tournament_year_id, tournament_id, tournament_name, year, location, placement, surface, winner_id) VALUES ("","2017-520", "520", "Roland Garros", "2017", "Paris - France", "Outdoor", "Clay", "n409");
INSERT INTO tournaments (id, tournament_year_id, tournament_id, tournament_name, year, location, placement, surface, winner_id) VALUES ("","2017-321", "321", "Stuttgart", "2017", "Stuttgart - Germany", "Outdoor", "Grass", "pf39");
INSERT INTO tournaments (id, tournament_year_id, tournament_id, tournament_name, year, location, placement, surface, winner_id) VALUES ("","2017-440", "440", "s-Hertogenbosch", "2017", "s-Hertogenbosch - Netherlands", "Outdoor", "Grass", "ma30");
INSERT INTO tournaments (id, tournament_year_id, tournament_id, tournament_name, year, location, placement, surface, winner_id) VALUES ("","2017-500", "500", "Halle", "2017", "Halle - Germany", "Outdoor", "Grass", "f324");
INSERT INTO tournaments (id, tournament_year_id, tournament_id, tournament_name, year, location, placement, surface, winner_id) VALUES ("","2017-311", "311", "London / Queen's Club", "2017", "London - Great Britain", "Outdoor", "Grass", "l397");
INSERT INTO tournaments (id, tournament_year_id, tournament_id, tournament_name, year, location, placement, surface, winner_id) VALUES ("","2017-7650", "7650", "Antalya", "2017", "Antalya - Turkey", "Outdoor", "Grass", "se73");
INSERT INTO tournaments (id, tournament_year_id, tournament_id, tournament_name, year, location, placement, surface, winner_id) VALUES ("","2017-741", "741", "Eastbourne", "2017", "Eastbourne - Great Britain", "Outdoor", "Grass", "d643");
INSERT INTO tournaments (id, tournament_year_id, tournament_id, tournament_name, year, location, placement, surface, winner_id) VALUES ("","2017-540", "540", "Wimbledon", "2017", "London - Great Britain", "Outdoor", "Grass", "f324");
INSERT INTO tournaments (id, tournament_year_id, tournament_id, tournament_name, year, location, placement, surface, winner_id) VALUES ("","2017-315", "315", "Newport", "2017", "Newport - United States", "Outdoor", "Grass", "i186");
INSERT INTO tournaments (id, tournament_year_id, tournament_id, tournament_name, year, location, placement, surface, winner_id) VALUES ("","2017-316", "316", "Bastad", "2017", "Bastad - Sweden", "Outdoor", "Clay", "f401");
INSERT INTO tournaments (id, tournament_year_id, tournament_id, tournament_name, year, location, placement, surface, winner_id) VALUES ("","2017-439", "439", "Umag", "2017", "Umag - Croatia", "Outdoor", "Clay", "re44");
INSERT INTO tournaments (id, tournament_year_id, tournament_id, tournament_name, year, location, placement, surface, winner_id) VALUES ("","2017-414", "414", "Hamburg", "2017", "Hamburg - Germany", "Outdoor", "Clay", "md56");
INSERT INTO tournaments (id, tournament_year_id, tournament_id, tournament_name, year, location, placement, surface, winner_id) VALUES ("","2017-6116", "6116", "Atlanta", "2017", "Atlanta - United States", "Outdoor", "Hard", "i186");
INSERT INTO tournaments (id, tournament_year_id, tournament_id, tournament_name, year, location, placement, surface, winner_id) VALUES ("","2017-314", "314", "Gstaad", "2017", "Gstaad - Switzerland", "Outdoor", "Clay", "f510");
INSERT INTO tournaments (id, tournament_year_id, tournament_id, tournament_name, year, location, placement, surface, winner_id) VALUES ("","2017-418", "418", "Washington", "2017", "Washington - United States", "Outdoor", "Hard", "z355");
INSERT INTO tournaments (id, tournament_year_id, tournament_id, tournament_name, year, location, placement, surface, winner_id) VALUES ("","2017-7480", "7480", "Los Cabos", "2017", "Los Cabos - Mexico", "Outdoor", "Hard", "q927");
INSERT INTO tournaments (id, tournament_year_id, tournament_id, tournament_name, year, location, placement, surface, winner_id) VALUES ("","2017-319", "319", "Kitzbühel", "2017", "Kitzbuhel - Austria", "Outdoor", "Clay", "k435");
INSERT INTO tournaments (id, tournament_year_id, tournament_id, tournament_name, year, location, placement, surface, winner_id) VALUES ("","2017-421", "421", "ATP World Tour Masters 1000 Canada", "2017", "Montreal - Canada", "Outdoor", "Hard", "z355");
INSERT INTO tournaments (id, tournament_year_id, tournament_id, tournament_name, year, location, placement, surface, winner_id) VALUES ("","2017-422", "422", "ATP World Tour Masters 1000 Cincinnati", "2017", "Cincinnati - United States", "Outdoor", "Hard", "d875");
INSERT INTO tournaments (id, tournament_year_id, tournament_id, tournament_name, year, location, placement, surface, winner_id) VALUES ("","2017-6242", "6242", "Winston-Salem", "2017", "Winston-Salem - United States", "Outdoor", "Hard", "bd06");
INSERT INTO tournaments (id, tournament_year_id, tournament_id, tournament_name, year, location, placement, surface, winner_id) VALUES ("","2017-560", "560", "US Open", "2017", "New York - United States", "Outdoor", "Hard", "n409");
INSERT INTO tournaments (id, tournament_year_id, tournament_id, tournament_name, year, location, placement, surface, winner_id) VALUES ("","2017-568", "568", "St. Petersburg", "2017", "St. Petersburg - Russia", "Indoor", "Hard", "d923");
INSERT INTO tournaments (id, tournament_year_id, tournament_id, tournament_name, year, location, placement, surface, winner_id) VALUES ("","2017-341", "341", "Metz", "2017", "Metz - France", "Indoor", "Hard", "g967");
INSERT INTO tournaments (id, tournament_year_id, tournament_id, tournament_name, year, location, placement, surface, winner_id) VALUES ("","2017-7581", "7581", "Chengdu", "2017", "Chengdu - China", "Outdoor", "Hard", "i165");
INSERT INTO tournaments (id, tournament_year_id, tournament_id, tournament_name, year, location, placement, surface, winner_id) VALUES ("","2017-6967", "6967", "Shenzhen", "2017", "Shenzhen - China", "Outdoor", "Hard", "gb88");
INSERT INTO tournaments (id, tournament_year_id, tournament_id, tournament_name, year, location, placement, surface, winner_id) VALUES ("","2017-747", "747", "Beijing", "2017", "Beijing - China", "Outdoor", "Hard", "n409");
INSERT INTO tournaments (id, tournament_year_id, tournament_id, tournament_name, year, location, placement, surface, winner_id) VALUES ("","2017-329", "329", "Tokyo", "2017", "Tokyo - Japan", "Outdoor", "Hard", "gb88");
INSERT INTO tournaments (id, tournament_year_id, tournament_id, tournament_name, year, location, placement, surface, winner_id) VALUES ("","2017-5014", "5014", "ATP World Tour Masters 1000 Shanghai", "2017", "Shanghai - China", "Outdoor", "Hard", "f324");
INSERT INTO tournaments (id, tournament_year_id, tournament_id, tournament_name, year, location, placement, surface, winner_id) VALUES ("","2017-438", "438", "Moscow", "2017", "Moscow - Russia", "Indoor", "Hard", "d923");
INSERT INTO tournaments (id, tournament_year_id, tournament_id, tournament_name, year, location, placement, surface, winner_id) VALUES ("","2017-7485", "7485", "Antwerp", "2017", "Antwerp - Belgium", "Indoor", "Hard", "t786");
INSERT INTO tournaments (id, tournament_year_id, tournament_id, tournament_name, year, location, placement, surface, winner_id) VALUES ("","2017-429", "429", "Stockholm", "2017", "Stockholm - Sweden", "Indoor", "Hard", "d683");
INSERT INTO tournaments (id, tournament_year_id, tournament_id, tournament_name, year, location, placement, surface, winner_id) VALUES ("","2017-337", "337", "Vienna", "2017", "Vienna - Austria", "Indoor", "Hard", "pf39");
INSERT INTO tournaments (id, tournament_year_id, tournament_id, tournament_name, year, location, placement, surface, winner_id) VALUES ("","2017-328", "328", "Basel", "2017", "Basel - Switzerland", "Indoor", "Hard", "f324");
INSERT INTO tournaments (id, tournament_year_id, tournament_id, tournament_name, year, location, placement, surface, winner_id) VALUES ("","2017-352", "352", "ATP World Tour Masters 1000 Paris", "2017", "Paris - France", "Indoor", "Hard", "sm25");
INSERT INTO tournaments (id, tournament_year_id, tournament_id, tournament_name, year, location, placement, surface, winner_id) VALUES ("","2017-7696", "7696", "Next Gen ATP Finals", "2017", "Milan - Italy", "Indoor", "Hard", "ch27");
INSERT INTO tournaments (id, tournament_year_id, tournament_id, tournament_name, year, location, placement, surface, winner_id) VALUES ("","2017-605", "605", "Nitto ATP Finals", "2017", "London - Great Britain", "Indoor", "Hard", "d875");
