INSERT INTO tournaments (id, tournament_year_id, tournament_id, tournament_name, year, location, placement, surface, winner_id) VALUES ("","2001-451", "451", "Doha", "2001", "Doha", "Outdoor", "Hard", "r286");
INSERT INTO tournaments (id, tournament_year_id, tournament_id, tournament_name, year, location, placement, surface, winner_id) VALUES ("","2001-891", "891", "Chennai", "2001", "Chennai", "Outdoor", "Hard", "t243");
INSERT INTO tournaments (id, tournament_year_id, tournament_id, tournament_name, year, location, placement, surface, winner_id) VALUES ("","2001-7308", "7308", "Adelaide", "2001", "Adelaide", "Outdoor", "Hard", "h355");
INSERT INTO tournaments (id, tournament_year_id, tournament_id, tournament_name, year, location, placement, surface, winner_id) VALUES ("","2001-338", "338", "Sydney", "2001", "Sydney", "Outdoor", "Hard", "h432");
INSERT INTO tournaments (id, tournament_year_id, tournament_id, tournament_name, year, location, placement, surface, winner_id) VALUES ("","2001-301", "301", "Auckland", "2001", "Auckland", "Outdoor", "Hard", "h377");
INSERT INTO tournaments (id, tournament_year_id, tournament_id, tournament_name, year, location, placement, surface, winner_id) VALUES ("","2001-580", "580", "Australian Open", "2001", "Melbourne", "Outdoor", "Hard", "a092");
INSERT INTO tournaments (id, tournament_year_id, tournament_id, tournament_name, year, location, placement, surface, winner_id) VALUES ("","2001-359", "359", "Bogota", "2001", "Bogota", "Outdoor", "Clay", "v195");
INSERT INTO tournaments (id, tournament_year_id, tournament_id, tournament_name, year, location, placement, surface, winner_id) VALUES ("","2001-408", "408", "Milan", "2001", "Milan", "Indoor", "Carpet", "f324");
INSERT INTO tournaments (id, tournament_year_id, tournament_id, tournament_name, year, location, placement, surface, winner_id) VALUES ("","2001-496", "496", "Marseille", "2001", "Marseille", "Indoor", "Hard", "k267");
INSERT INTO tournaments (id, tournament_year_id, tournament_id, tournament_name, year, location, placement, surface, winner_id) VALUES ("","2001-505", "505", "Vina del Mar", "2001", "Vina Del Mar", "Outdoor", "Clay", "c524");
INSERT INTO tournaments (id, tournament_year_id, tournament_id, tournament_name, year, location, placement, surface, winner_id) VALUES ("","2001-481", "481", "Copenhagen", "2001", "Copenhagen", "Indoor", "Hard", "h336");
INSERT INTO tournaments (id, tournament_year_id, tournament_id, tournament_name, year, location, placement, surface, winner_id) VALUES ("","2001-407", "407", "Rotterdam", "2001", "Rotterdam", "Indoor", "Hard", "e140");
INSERT INTO tournaments (id, tournament_year_id, tournament_id, tournament_name, year, location, placement, surface, winner_id) VALUES ("","2001-402", "402", "Memphis", "2001", "Memphis", "Indoor", "Hard", "p338");
INSERT INTO tournaments (id, tournament_year_id, tournament_id, tournament_name, year, location, placement, surface, winner_id) VALUES ("","2001-506", "506", "Buenos Aires", "2001", "Buenos Aires", "Outdoor", "Clay", "k293");
INSERT INTO tournaments (id, tournament_year_id, tournament_id, tournament_name, year, location, placement, surface, winner_id) VALUES ("","2001-495", "495", "Dubai", "2001", "Dubai", "Outdoor", "Hard", "f316");
INSERT INTO tournaments (id, tournament_year_id, tournament_id, tournament_name, year, location, placement, surface, winner_id) VALUES ("","2001-807", "807", "Acapulco", "2001", "Acapulco", "Outdoor", "Clay", "k293");
INSERT INTO tournaments (id, tournament_year_id, tournament_id, tournament_name, year, location, placement, surface, winner_id) VALUES ("","2001-424", "424", "San Jose", "2001", "San Jose", "Indoor", "Hard", "r237");
INSERT INTO tournaments (id, tournament_year_id, tournament_id, tournament_name, year, location, placement, surface, winner_id) VALUES ("","2001-433", "433", "Scottsdale", "2001", "Scottsdale", "Outdoor", "Hard", "c252");
INSERT INTO tournaments (id, tournament_year_id, tournament_id, tournament_name, year, location, placement, surface, winner_id) VALUES ("","2001-499", "499", "Delray Beach", "2001", "Delray Beach", "Outdoor", "Hard", "g352");
INSERT INTO tournaments (id, tournament_year_id, tournament_id, tournament_name, year, location, placement, surface, winner_id) VALUES ("","2001-404", "404", "ATP Masters Series Indian Wells", "2001", "Indian Wells", "Outdoor", "Hard", "a092");
INSERT INTO tournaments (id, tournament_year_id, tournament_id, tournament_name, year, location, placement, surface, winner_id) VALUES ("","2001-403", "403", "ATP Masters Series Miami", "2001", "Miami", "Outdoor", "Hard", "a092");
INSERT INTO tournaments (id, tournament_year_id, tournament_id, tournament_name, year, location, placement, surface, winner_id) VALUES ("","2001-468", "468", "Estoril", "2001", "Estoril", "Outdoor", "Clay", "f316");
INSERT INTO tournaments (id, tournament_year_id, tournament_id, tournament_name, year, location, placement, surface, winner_id) VALUES ("","2001-360", "360", "Casablanca", "2001", "Casablanca", "Outdoor", "Clay", "c433");
INSERT INTO tournaments (id, tournament_year_id, tournament_id, tournament_name, year, location, placement, surface, winner_id) VALUES ("","2001-410", "410", "ATP Masters Series Monte Carlo", "2001", "Monte Carlo", "Outdoor", "Clay", "k293");
INSERT INTO tournaments (id, tournament_year_id, tournament_id, tournament_name, year, location, placement, surface, winner_id) VALUES ("","2001-425", "425", "Barcelona", "2001", "Barcelona", "Outdoor", "Clay", "f316");
INSERT INTO tournaments (id, tournament_year_id, tournament_id, tournament_name, year, location, placement, surface, winner_id) VALUES ("","2001-409", "409", "Atlanta", "2001", "Atlanta", "Outdoor", "Clay", "r485");
INSERT INTO tournaments (id, tournament_year_id, tournament_id, tournament_name, year, location, placement, surface, winner_id) VALUES ("","2001-7306", "7306", "Mallorca", "2001", "Mallorca", "Outdoor", "Clay", "m590");
INSERT INTO tournaments (id, tournament_year_id, tournament_id, tournament_name, year, location, placement, surface, winner_id) VALUES ("","2001-308", "308", "Munich", "2001", "Munich", "Outdoor", "Clay", "n254");
INSERT INTO tournaments (id, tournament_year_id, tournament_id, tournament_name, year, location, placement, surface, winner_id) VALUES ("","2001-717", "717", "Houston", "2001", "Houston", "Outdoor", "Clay", "r485");
INSERT INTO tournaments (id, tournament_year_id, tournament_id, tournament_name, year, location, placement, surface, winner_id) VALUES ("","2001-416", "416", "ATP Masters Series Rome", "2001", "Rome", "Outdoor", "Clay", "f316");
INSERT INTO tournaments (id, tournament_year_id, tournament_id, tournament_name, year, location, placement, surface, winner_id) VALUES ("","2001-414", "414", "ATP Masters Series Hamburg", "2001", "Hamburg", "Outdoor", "Clay", "p305");
INSERT INTO tournaments (id, tournament_year_id, tournament_id, tournament_name, year, location, placement, surface, winner_id) VALUES ("","2001-615", "615", "World Team Cup", "2001", "Dusseldorf", "Outdoor", "Clay", "h432");
INSERT INTO tournaments (id, tournament_year_id, tournament_id, tournament_name, year, location, placement, surface, winner_id) VALUES ("","2001-306", "306", "St. Poelten", "2001", "St. Poelten", "Outdoor", "Clay", "g254");
INSERT INTO tournaments (id, tournament_year_id, tournament_id, tournament_name, year, location, placement, surface, winner_id) VALUES ("","2001-520", "520", "Roland Garros", "2001", "Paris", "Outdoor", "Clay", "k293");
INSERT INTO tournaments (id, tournament_year_id, tournament_id, tournament_name, year, location, placement, surface, winner_id) VALUES ("","2001-500", "500", "Halle", "2001", "Halle", "Outdoor", "Grass", "j129");
INSERT INTO tournaments (id, tournament_year_id, tournament_id, tournament_name, year, location, placement, surface, winner_id) VALUES ("","2001-311", "311", "London / Queen's Club", "2001", "London", "Outdoor", "Grass", "h432");
INSERT INTO tournaments (id, tournament_year_id, tournament_id, tournament_name, year, location, placement, surface, winner_id) VALUES ("","2001-741", "741", "Nottingham", "2001", "Nottingham", "Outdoor", "Grass", "j129");
INSERT INTO tournaments (id, tournament_year_id, tournament_id, tournament_name, year, location, placement, surface, winner_id) VALUES ("","2001-440", "440", "'s-Hertogenbosch", "2001", "s-Hertogenbosch", "Outdoor", "Grass", "h432");
INSERT INTO tournaments (id, tournament_year_id, tournament_id, tournament_name, year, location, placement, surface, winner_id) VALUES ("","2001-540", "540", "Wimbledon", "2001", "London", "Outdoor", "Grass", "i034");
INSERT INTO tournaments (id, tournament_year_id, tournament_id, tournament_name, year, location, placement, surface, winner_id) VALUES ("","2001-314", "314", "Gstaad", "2001", "Gstaad", "Outdoor", "Clay", "n254");
INSERT INTO tournaments (id, tournament_year_id, tournament_id, tournament_name, year, location, placement, surface, winner_id) VALUES ("","2001-316", "316", "Bastad", "2001", "Bastad", "Outdoor", "Clay", "g254");
INSERT INTO tournaments (id, tournament_year_id, tournament_id, tournament_name, year, location, placement, surface, winner_id) VALUES ("","2001-315", "315", "Newport", "2001", "Newport", "Outdoor", "Grass", "g288");
INSERT INTO tournaments (id, tournament_year_id, tournament_id, tournament_name, year, location, placement, surface, winner_id) VALUES ("","2001-321", "321", "Stuttgart", "2001", "Stuttgart", "Outdoor", "Clay", "k293");
INSERT INTO tournaments (id, tournament_year_id, tournament_id, tournament_name, year, location, placement, surface, winner_id) VALUES ("","2001-317", "317", "Amsterdam", "2001", "Amsterdam", "Outdoor", "Clay", "c344");
INSERT INTO tournaments (id, tournament_year_id, tournament_id, tournament_name, year, location, placement, surface, winner_id) VALUES ("","2001-439", "439", "Umag", "2001", "Umag", "Outdoor", "Clay", "m605");
INSERT INTO tournaments (id, tournament_year_id, tournament_id, tournament_name, year, location, placement, surface, winner_id) VALUES ("","2001-319", "319", "Kitzbuhel", "2001", "Kitzbuhel", "Outdoor", "Clay", "l290");
INSERT INTO tournaments (id, tournament_year_id, tournament_id, tournament_name, year, location, placement, surface, winner_id) VALUES ("","2001-423", "423", "Los Angeles", "2001", "Los Angeles", "Outdoor", "Hard", "a092");
INSERT INTO tournaments (id, tournament_year_id, tournament_id, tournament_name, year, location, placement, surface, winner_id) VALUES ("","2001-475", "475", "Sopot - WS", "2001", "Sopot", "Outdoor", "Clay", "r419");
INSERT INTO tournaments (id, tournament_year_id, tournament_id, tournament_name, year, location, placement, surface, winner_id) VALUES ("","2001-421", "421", "ATP Masters Series Canada", "2001", "Montreal", "Outdoor", "Hard", "p280");
INSERT INTO tournaments (id, tournament_year_id, tournament_id, tournament_name, year, location, placement, surface, winner_id) VALUES ("","2001-422", "422", "ATP Masters Series Cincinnati", "2001", "Cincinnati", "Outdoor", "Hard", "k293");
INSERT INTO tournaments (id, tournament_year_id, tournament_id, tournament_name, year, location, placement, surface, winner_id) VALUES ("","2001-419", "419", "Indianapolis", "2001", "Indianapolis", "Outdoor", "Hard", "r255");
INSERT INTO tournaments (id, tournament_year_id, tournament_id, tournament_name, year, location, placement, surface, winner_id) VALUES ("","2001-418", "418", "Washington", "2001", "Washington", "Outdoor", "Hard", "r485");
INSERT INTO tournaments (id, tournament_year_id, tournament_id, tournament_name, year, location, placement, surface, winner_id) VALUES ("","2001-441", "441", "Long Island", "2001", "Long Island", "Outdoor", "Hard", "h355");
INSERT INTO tournaments (id, tournament_year_id, tournament_id, tournament_name, year, location, placement, surface, winner_id) VALUES ("","2001-560", "560", "US Open", "2001", "New York", "Outdoor", "Hard", "h432");
INSERT INTO tournaments (id, tournament_year_id, tournament_id, tournament_name, year, location, placement, surface, winner_id) VALUES ("","2001-73", "73", "Tashkent", "2001", "Tashkent", "Outdoor", "Hard", "s741");
INSERT INTO tournaments (id, tournament_year_id, tournament_id, tournament_name, year, location, placement, surface, winner_id) VALUES ("","2001-773", "773", "Bucharest", "2001", "Bucharest", "Outdoor", "Clay", "e121");
INSERT INTO tournaments (id, tournament_year_id, tournament_id, tournament_name, year, location, placement, surface, winner_id) VALUES ("","2001-533", "533", "Sao Paulo", "2001", "Sao Paulo", "Outdoor", "Clay", "v220");
INSERT INTO tournaments (id, tournament_year_id, tournament_id, tournament_name, year, location, placement, surface, winner_id) VALUES ("","2001-890", "890", "Shanghai", "2001", "Shanghai", "Outdoor", "Hard", "s636");
INSERT INTO tournaments (id, tournament_year_id, tournament_id, tournament_name, year, location, placement, surface, winner_id) VALUES ("","2001-336", "336", "Hong Kong", "2001", "Hong Kong", "Outdoor", "Hard", "r286");
INSERT INTO tournaments (id, tournament_year_id, tournament_id, tournament_name, year, location, placement, surface, winner_id) VALUES ("","2001-325", "325", "Palermo", "2001", "Palermo", "Outdoor", "Clay", "m535");
INSERT INTO tournaments (id, tournament_year_id, tournament_id, tournament_name, year, location, placement, surface, winner_id) VALUES ("","2001-438", "438", "Moscow", "2001", "Moscow", "Indoor", "Carpet", "k267");
INSERT INTO tournaments (id, tournament_year_id, tournament_id, tournament_name, year, location, placement, surface, winner_id) VALUES ("","2001-329", "329", "Tokyo", "2001", "Tokyo", "Outdoor", "Hard", "h432");
INSERT INTO tournaments (id, tournament_year_id, tournament_id, tournament_name, year, location, placement, surface, winner_id) VALUES ("","2001-7309", "7309", "Lyon", "2001", "Lyon", "Indoor", "Carpet", "l360");
INSERT INTO tournaments (id, tournament_year_id, tournament_id, tournament_name, year, location, placement, surface, winner_id) VALUES ("","2001-337", "337", "Vienna", "2001", "Vienna", "Indoor", "Hard", "h355");
INSERT INTO tournaments (id, tournament_year_id, tournament_id, tournament_name, year, location, placement, surface, winner_id) VALUES ("","2001-357", "357", "ATP Masters Series Stuttgart", "2001", "Stuttgart", "Indoor", "Hard", "h355");
INSERT INTO tournaments (id, tournament_year_id, tournament_id, tournament_name, year, location, placement, surface, winner_id) VALUES ("","2001-328", "328", "Basel", "2001", "Basel", "Indoor", "Carpet", "h336");
INSERT INTO tournaments (id, tournament_year_id, tournament_id, tournament_name, year, location, placement, surface, winner_id) VALUES ("","2001-568", "568", "St. Petersburg", "2001", "St. Petersburg", "Indoor", "Hard", "s741");
INSERT INTO tournaments (id, tournament_year_id, tournament_id, tournament_name, year, location, placement, surface, winner_id) VALUES ("","2001-429", "429", "Stockholm", "2001", "Stockholm", "Indoor", "Hard", "s572");
INSERT INTO tournaments (id, tournament_year_id, tournament_id, tournament_name, year, location, placement, surface, winner_id) VALUES ("","2001-352", "352", "ATP World Tour Masters 1000 Paris", "2001", "Paris", "Indoor", "Hard", "g379");
INSERT INTO tournaments (id, tournament_year_id, tournament_id, tournament_name, year, location, placement, surface, winner_id) VALUES ("","2001-605", "605", "Tennis Masters Cup", "2001", "", "Indoor", "Hard", "h432");
