INSERT INTO tournaments (id, tournament_year_id, tournament_id, tournament_name, year, location, placement, surface, winner_id) VALUES ("","2000-451", "451", "Doha", "2000", "Doha", "Outdoor", "Hard", "s424");
INSERT INTO tournaments (id, tournament_year_id, tournament_id, tournament_name, year, location, placement, surface, winner_id) VALUES ("","2000-891", "891", "Chennai", "2000", "Chennai", "Outdoor", "Hard", "g319");
INSERT INTO tournaments (id, tournament_year_id, tournament_id, tournament_name, year, location, placement, surface, winner_id) VALUES ("","2000-7308", "7308", "Adelaide", "2000", "Adelaide", "Outdoor", "Hard", "h432");
INSERT INTO tournaments (id, tournament_year_id, tournament_id, tournament_name, year, location, placement, surface, winner_id) VALUES ("","2000-301", "301", "Auckland", "2000", "Auckland", "Outdoor", "Hard", "n250");
INSERT INTO tournaments (id, tournament_year_id, tournament_id, tournament_name, year, location, placement, surface, winner_id) VALUES ("","2000-338", "338", "Sydney", "2000", "Sydney", "Outdoor", "Hard", "h432");
INSERT INTO tournaments (id, tournament_year_id, tournament_id, tournament_name, year, location, placement, surface, winner_id) VALUES ("","2000-580", "580", "Australian Open", "2000", "Melbourne", "Outdoor", "Hard", "a092");
INSERT INTO tournaments (id, tournament_year_id, tournament_id, tournament_name, year, location, placement, surface, winner_id) VALUES ("","2000-495", "495", "Dubai", "2000", "Dubai", "Outdoor", "Hard", "k316");
INSERT INTO tournaments (id, tournament_year_id, tournament_id, tournament_name, year, location, placement, surface, winner_id) VALUES ("","2000-496", "496", "Marseille", "2000", "Marseille", "Indoor", "Hard", "r214");
INSERT INTO tournaments (id, tournament_year_id, tournament_id, tournament_name, year, location, placement, surface, winner_id) VALUES ("","2000-424", "424", "San Jose", "2000", "San Jose", "Indoor", "Hard", "p338");
INSERT INTO tournaments (id, tournament_year_id, tournament_id, tournament_name, year, location, placement, surface, winner_id) VALUES ("","2000-407", "407", "Rotterdam", "2000", "Rotterdam", "Indoor", "Hard", "p226");
INSERT INTO tournaments (id, tournament_year_id, tournament_id, tournament_name, year, location, placement, surface, winner_id) VALUES ("","2000-402", "402", "Memphis", "2000", "Memphis", "Indoor", "Hard", "l206");
INSERT INTO tournaments (id, tournament_year_id, tournament_id, tournament_name, year, location, placement, surface, winner_id) VALUES ("","2000-408", "408", "London", "2000", "London", "Indoor", "Hard", "r214");
INSERT INTO tournaments (id, tournament_year_id, tournament_id, tournament_name, year, location, placement, surface, winner_id) VALUES ("","2000-807", "807", "Mexico City", "2000", "Mexico City", "Outdoor", "Clay", "c514");
INSERT INTO tournaments (id, tournament_year_id, tournament_id, tournament_name, year, location, placement, surface, winner_id) VALUES ("","2000-505", "505", "Santiago", "2000", "Santiago", "Outdoor", "Clay", "k293");
INSERT INTO tournaments (id, tournament_year_id, tournament_id, tournament_name, year, location, placement, surface, winner_id) VALUES ("","2000-481", "481", "Copenhagen", "2000", "Copenhagen", "Indoor", "Hard", "v250");
INSERT INTO tournaments (id, tournament_year_id, tournament_id, tournament_name, year, location, placement, surface, winner_id) VALUES ("","2000-499", "499", "Delray Beach", "2000", "Delray Beach", "Outdoor", "Hard", "k310");
INSERT INTO tournaments (id, tournament_year_id, tournament_id, tournament_name, year, location, placement, surface, winner_id) VALUES ("","2000-359", "359", "Bogota", "2000", "Bogota", "Outdoor", "Clay", "p372");
INSERT INTO tournaments (id, tournament_year_id, tournament_id, tournament_name, year, location, placement, surface, winner_id) VALUES ("","2000-433", "433", "Scottsdale", "2000", "Scottsdale", "Outdoor", "Hard", "h432");
INSERT INTO tournaments (id, tournament_year_id, tournament_id, tournament_name, year, location, placement, surface, winner_id) VALUES ("","2000-404", "404", "ATP Masters Series Indian Wells", "2000", "Indian Wells", "Outdoor", "Hard", "c344");
INSERT INTO tournaments (id, tournament_year_id, tournament_id, tournament_name, year, location, placement, surface, winner_id) VALUES ("","2000-403", "403", "ATP Masters Series Miami", "2000", "Miami", "Outdoor", "Hard", "s402");
INSERT INTO tournaments (id, tournament_year_id, tournament_id, tournament_name, year, location, placement, surface, winner_id) VALUES ("","2000-468", "468", "Estoril", "2000", "Estoril", "Outdoor", "Clay", "m605");
INSERT INTO tournaments (id, tournament_year_id, tournament_id, tournament_name, year, location, placement, surface, winner_id) VALUES ("","2000-409", "409", "Atlanta", "2000", "Atlanta", "Outdoor", "Clay", "i052");
INSERT INTO tournaments (id, tournament_year_id, tournament_id, tournament_name, year, location, placement, surface, winner_id) VALUES ("","2000-360", "360", "Casablanca", "2000", "Casablanca", "Outdoor", "Clay", "v195");
INSERT INTO tournaments (id, tournament_year_id, tournament_id, tournament_name, year, location, placement, surface, winner_id) VALUES ("","2000-410", "410", "ATP Masters Series Monte Carlo", "2000", "Monte Carlo", "Outdoor", "Clay", "p226");
INSERT INTO tournaments (id, tournament_year_id, tournament_id, tournament_name, year, location, placement, surface, winner_id) VALUES ("","2000-425", "425", "Barcelona", "2000", "Barcelona", "Outdoor", "Clay", "s741");
INSERT INTO tournaments (id, tournament_year_id, tournament_id, tournament_name, year, location, placement, surface, winner_id) VALUES ("","2000-7306", "7306", "Mallorca", "2000", "Mallorca", "Outdoor", "Clay", "s741");
INSERT INTO tournaments (id, tournament_year_id, tournament_id, tournament_name, year, location, placement, surface, winner_id) VALUES ("","2000-308", "308", "Munich", "2000", "Munich", "Outdoor", "Clay", "s568");
INSERT INTO tournaments (id, tournament_year_id, tournament_id, tournament_name, year, location, placement, surface, winner_id) VALUES ("","2000-717", "717", "Orlando", "2000", "Orlando", "Outdoor", "Clay", "g415");
INSERT INTO tournaments (id, tournament_year_id, tournament_id, tournament_name, year, location, placement, surface, winner_id) VALUES ("","2000-416", "416", "ATP Masters Series Rome", "2000", "Rome", "Outdoor", "Clay", "n250");
INSERT INTO tournaments (id, tournament_year_id, tournament_id, tournament_name, year, location, placement, surface, winner_id) VALUES ("","2000-414", "414", "ATP Masters Series Hamburg", "2000", "Hamburg", "Outdoor", "Clay", "k293");
INSERT INTO tournaments (id, tournament_year_id, tournament_id, tournament_name, year, location, placement, surface, winner_id) VALUES ("","2000-615", "615", "World Team Cup", "2000", "Dusseldorf", "Outdoor", "Clay", "h377");
INSERT INTO tournaments (id, tournament_year_id, tournament_id, tournament_name, year, location, placement, surface, winner_id) VALUES ("","2000-306", "306", "St. Poelten", "2000", "St. Poelten", "Outdoor", "Clay", "p280");
INSERT INTO tournaments (id, tournament_year_id, tournament_id, tournament_name, year, location, placement, surface, winner_id) VALUES ("","2000-520", "520", "Roland Garros", "2000", "Paris", "Outdoor", "Clay", "k293");
INSERT INTO tournaments (id, tournament_year_id, tournament_id, tournament_name, year, location, placement, surface, winner_id) VALUES ("","2000-500", "500", "Halle", "2000", "Halle", "Outdoor", "Grass", "p273");
INSERT INTO tournaments (id, tournament_year_id, tournament_id, tournament_name, year, location, placement, surface, winner_id) VALUES ("","2000-311", "311", "London / Queen's Club", "2000", "London", "Outdoor", "Grass", "h432");
INSERT INTO tournaments (id, tournament_year_id, tournament_id, tournament_name, year, location, placement, surface, winner_id) VALUES ("","2000-440", "440", "'s-Hertogenbosch", "2000", "s-Hertogenbosch", "Outdoor", "Grass", "r255");
INSERT INTO tournaments (id, tournament_year_id, tournament_id, tournament_name, year, location, placement, surface, winner_id) VALUES ("","2000-741", "741", "Nottingham", "2000", "Nottingham", "Outdoor", "Grass", "g379");
INSERT INTO tournaments (id, tournament_year_id, tournament_id, tournament_name, year, location, placement, surface, winner_id) VALUES ("","2000-540", "540", "Wimbledon", "2000", "London", "Outdoor", "Grass", "s402");
INSERT INTO tournaments (id, tournament_year_id, tournament_id, tournament_name, year, location, placement, surface, winner_id) VALUES ("","2000-314", "314", "Gstaad", "2000", "Gstaad", "Outdoor", "Clay", "c344");
INSERT INTO tournaments (id, tournament_year_id, tournament_id, tournament_name, year, location, placement, surface, winner_id) VALUES ("","2000-316", "316", "Bastad", "2000", "Bastad", "Outdoor", "Clay", "n250");
INSERT INTO tournaments (id, tournament_year_id, tournament_id, tournament_name, year, location, placement, surface, winner_id) VALUES ("","2000-315", "315", "Newport", "2000", "Newport", "Outdoor", "Grass", "w254");
INSERT INTO tournaments (id, tournament_year_id, tournament_id, tournament_name, year, location, placement, surface, winner_id) VALUES ("","2000-321", "321", "Stuttgart Outdoor", "2000", "Stuttgart", "Outdoor", "Clay", "s568");
INSERT INTO tournaments (id, tournament_year_id, tournament_id, tournament_name, year, location, placement, surface, winner_id) VALUES ("","2000-317", "317", "Amsterdam", "2000", "Amsterdam", "Outdoor", "Clay", "g182");
INSERT INTO tournaments (id, tournament_year_id, tournament_id, tournament_name, year, location, placement, surface, winner_id) VALUES ("","2000-439", "439", "Umag", "2000", "Umag", "Outdoor", "Clay", "r286");
INSERT INTO tournaments (id, tournament_year_id, tournament_id, tournament_name, year, location, placement, surface, winner_id) VALUES ("","2000-319", "319", "Kitzbuhel", "2000", "Kitzbuhel", "Outdoor", "Clay", "c344");
INSERT INTO tournaments (id, tournament_year_id, tournament_id, tournament_name, year, location, placement, surface, winner_id) VALUES ("","2000-423", "423", "Los Angeles", "2000", "Los Angeles", "Outdoor", "Hard", "c274");
INSERT INTO tournaments (id, tournament_year_id, tournament_id, tournament_name, year, location, placement, surface, winner_id) VALUES ("","2000-475", "475", "San Marino", "2000", "San Marino", "Outdoor", "Clay", "c361");
INSERT INTO tournaments (id, tournament_year_id, tournament_id, tournament_name, year, location, placement, surface, winner_id) VALUES ("","2000-421", "421", "ATP Masters Series Canada", "2000", "Toronto", "Outdoor", "Hard", "s741");
INSERT INTO tournaments (id, tournament_year_id, tournament_id, tournament_name, year, location, placement, surface, winner_id) VALUES ("","2000-422", "422", "ATP Masters Series Cincinnati", "2000", "Cincinnati", "Outdoor", "Hard", "e113");
INSERT INTO tournaments (id, tournament_year_id, tournament_id, tournament_name, year, location, placement, surface, winner_id) VALUES ("","2000-419", "419", "Indianapolis", "2000", "Indianapolis", "Outdoor", "Hard", "k293");
INSERT INTO tournaments (id, tournament_year_id, tournament_id, tournament_name, year, location, placement, surface, winner_id) VALUES ("","2000-418", "418", "Washington", "2000", "Washington", "Outdoor", "Hard", "c344");
INSERT INTO tournaments (id, tournament_year_id, tournament_id, tournament_name, year, location, placement, surface, winner_id) VALUES ("","2000-441", "441", "Long Island", "2000", "Long Island", "Outdoor", "Hard", "n250");
INSERT INTO tournaments (id, tournament_year_id, tournament_id, tournament_name, year, location, placement, surface, winner_id) VALUES ("","2000-560", "560", "US Open", "2000", "New York", "Outdoor", "Hard", "s741");
INSERT INTO tournaments (id, tournament_year_id, tournament_id, tournament_name, year, location, placement, surface, winner_id) VALUES ("","2000-73", "73", "Tashkent", "2000", "Tashkent", "Outdoor", "Hard", "s741");
INSERT INTO tournaments (id, tournament_year_id, tournament_id, tournament_name, year, location, placement, surface, winner_id) VALUES ("","2000-773", "773", "Bucharest", "2000", "Bucharest", "Outdoor", "Clay", "b487");
INSERT INTO tournaments (id, tournament_year_id, tournament_id, tournament_name, year, location, placement, surface, winner_id) VALUES ("","2000-96", "96", "Sydney Olympics", "2000", "Sydney", "Outdoor", "Hard", "k267");
INSERT INTO tournaments (id, tournament_year_id, tournament_id, tournament_name, year, location, placement, surface, winner_id) VALUES ("","2000-325", "325", "Palermo", "2000", "Palermo", "Outdoor", "Clay", "r397");
INSERT INTO tournaments (id, tournament_year_id, tournament_id, tournament_name, year, location, placement, surface, winner_id) VALUES ("","2000-336", "336", "Hong Kong", "2000", "Hong Kong", "Outdoor", "Hard", "k316");
INSERT INTO tournaments (id, tournament_year_id, tournament_id, tournament_name, year, location, placement, surface, winner_id) VALUES ("","2000-329", "329", "Tokyo", "2000", "Tokyo", "Outdoor", "Hard", "s572");
INSERT INTO tournaments (id, tournament_year_id, tournament_id, tournament_name, year, location, placement, surface, winner_id) VALUES ("","2000-337", "337", "Vienna", "2000", "Vienna", "Indoor", "Hard", "h336");
INSERT INTO tournaments (id, tournament_year_id, tournament_id, tournament_name, year, location, placement, surface, winner_id) VALUES ("","2000-327", "327", "Toulouse", "2000", "Toulouse", "Indoor", "Hard", "c344");
INSERT INTO tournaments (id, tournament_year_id, tournament_id, tournament_name, year, location, placement, surface, winner_id) VALUES ("","2000-890", "890", "Shanghai", "2000", "Shanghai", "Outdoor", "Hard", "n250");
INSERT INTO tournaments (id, tournament_year_id, tournament_id, tournament_name, year, location, placement, surface, winner_id) VALUES ("","2000-328", "328", "Basel", "2000", "Basel", "Indoor", "Carpet", "e113");
INSERT INTO tournaments (id, tournament_year_id, tournament_id, tournament_name, year, location, placement, surface, winner_id) VALUES ("","2000-438", "438", "Moscow", "2000", "Moscow", "Indoor", "Carpet", "k267");
INSERT INTO tournaments (id, tournament_year_id, tournament_id, tournament_name, year, location, placement, surface, winner_id) VALUES ("","2000-357", "357", "ATP Masters Series Stuttgart", "2000", "Stuttgart", "Indoor", "Hard", "f196");
INSERT INTO tournaments (id, tournament_year_id, tournament_id, tournament_name, year, location, placement, surface, winner_id) VALUES ("","2000-7309", "7309", "Lyon", "2000", "Lyon", "Indoor", "Carpet", "c487");
INSERT INTO tournaments (id, tournament_year_id, tournament_id, tournament_name, year, location, placement, surface, winner_id) VALUES ("","2000-568", "568", "St. Petersburg", "2000", "St. Petersburg", "Indoor", "Hard", "s741");
INSERT INTO tournaments (id, tournament_year_id, tournament_id, tournament_name, year, location, placement, surface, winner_id) VALUES ("","2000-352", "352", "ATP World Tour Masters 1000 Paris", "2000", "Paris", "Indoor", "Hard", "s741");
INSERT INTO tournaments (id, tournament_year_id, tournament_id, tournament_name, year, location, placement, surface, winner_id) VALUES ("","2000-429", "429", "Stockholm", "2000", "Stockholm", "Indoor", "Hard", "j129");
INSERT INTO tournaments (id, tournament_year_id, tournament_id, tournament_name, year, location, placement, surface, winner_id) VALUES ("","2000-620", "620", "Brighton", "2000", "Brighton", "Indoor", "Hard", "h336");
INSERT INTO tournaments (id, tournament_year_id, tournament_id, tournament_name, year, location, placement, surface, winner_id) VALUES ("","2000-605", "605", "Tennis Masters Cup", "2000", "", "Indoor", "Hard", "k293");
